mode: set
GithubApiCodeTest/Main/v2/GithubApi/Organisations.go:11.117,18.16 5 1
GithubApiCodeTest/Main/v2/GithubApi/Organisations.go:23.2,23.41 1 1
GithubApiCodeTest/Main/v2/GithubApi/Organisations.go:27.2,28.16 2 1
GithubApiCodeTest/Main/v2/GithubApi/Organisations.go:32.2,36.22 4 1
GithubApiCodeTest/Main/v2/GithubApi/Organisations.go:40.2,40.26 1 1
GithubApiCodeTest/Main/v2/GithubApi/Organisations.go:18.16,21.3 2 0
GithubApiCodeTest/Main/v2/GithubApi/Organisations.go:23.41,25.3 1 0
GithubApiCodeTest/Main/v2/GithubApi/Organisations.go:28.16,31.3 2 0
GithubApiCodeTest/Main/v2/GithubApi/Organisations.go:36.22,38.3 1 0
GithubApiCodeTest/Main/v2/GithubApi/Reposistories.go:12.117,19.16 5 1
GithubApiCodeTest/Main/v2/GithubApi/Reposistories.go:23.2,23.41 1 1
GithubApiCodeTest/Main/v2/GithubApi/Reposistories.go:27.2,28.16 2 1
GithubApiCodeTest/Main/v2/GithubApi/Reposistories.go:32.2,34.37 2 1
GithubApiCodeTest/Main/v2/GithubApi/Reposistories.go:43.2,45.22 3 1
GithubApiCodeTest/Main/v2/GithubApi/Reposistories.go:49.2,49.26 1 1
GithubApiCodeTest/Main/v2/GithubApi/Reposistories.go:19.16,21.3 1 0
GithubApiCodeTest/Main/v2/GithubApi/Reposistories.go:23.41,25.3 1 0
GithubApiCodeTest/Main/v2/GithubApi/Reposistories.go:28.16,31.3 2 0
GithubApiCodeTest/Main/v2/GithubApi/Reposistories.go:34.37,37.23 3 0
GithubApiCodeTest/Main/v2/GithubApi/Reposistories.go:40.3,40.66 1 0
GithubApiCodeTest/Main/v2/GithubApi/Reposistories.go:37.23,39.4 1 0
GithubApiCodeTest/Main/v2/GithubApi/Reposistories.go:45.22,47.3 1 0
GithubApiCodeTest/Main/v2/GithubApi/Reposistories.go:52.131,60.16 5 1
GithubApiCodeTest/Main/v2/GithubApi/Reposistories.go:64.2,64.41 1 1
GithubApiCodeTest/Main/v2/GithubApi/Reposistories.go:67.2,68.16 2 1
GithubApiCodeTest/Main/v2/GithubApi/Reposistories.go:72.2,76.22 4 1
GithubApiCodeTest/Main/v2/GithubApi/Reposistories.go:81.2,85.37 4 1
GithubApiCodeTest/Main/v2/GithubApi/Reposistories.go:93.2,93.42 1 1
GithubApiCodeTest/Main/v2/GithubApi/Reposistories.go:60.16,63.3 2 0
GithubApiCodeTest/Main/v2/GithubApi/Reposistories.go:64.41,66.3 1 0
GithubApiCodeTest/Main/v2/GithubApi/Reposistories.go:68.16,71.3 2 0
GithubApiCodeTest/Main/v2/GithubApi/Reposistories.go:76.22,78.3 1 0
GithubApiCodeTest/Main/v2/GithubApi/Reposistories.go:85.37,87.48 2 1
GithubApiCodeTest/Main/v2/GithubApi/Reposistories.go:87.48,90.4 2 1
GithubApiCodeTest/Main/v2/GithubApi/Reposistories.go:98.142,105.16 5 1
GithubApiCodeTest/Main/v2/GithubApi/Reposistories.go:109.2,109.41 1 1
GithubApiCodeTest/Main/v2/GithubApi/Reposistories.go:112.2,113.16 2 1
GithubApiCodeTest/Main/v2/GithubApi/Reposistories.go:117.2,121.22 4 1
GithubApiCodeTest/Main/v2/GithubApi/Reposistories.go:125.2,125.26 1 1
GithubApiCodeTest/Main/v2/GithubApi/Reposistories.go:105.16,108.3 2 0
GithubApiCodeTest/Main/v2/GithubApi/Reposistories.go:109.41,111.3 1 0
GithubApiCodeTest/Main/v2/GithubApi/Reposistories.go:113.16,116.3 2 0
GithubApiCodeTest/Main/v2/GithubApi/Reposistories.go:121.22,123.3 1 0
GithubApiCodeTest/Main/v2/Main.go:18.13,26.45 7 0
GithubApiCodeTest/Main/v2/Main.go:30.2,31.16 2 0
GithubApiCodeTest/Main/v2/Main.go:35.2,35.6 1 0
GithubApiCodeTest/Main/v2/Main.go:26.45,28.3 1 0
GithubApiCodeTest/Main/v2/Main.go:31.16,33.3 1 0
GithubApiCodeTest/Main/v2/Main.go:35.6,42.32 5 0
GithubApiCodeTest/Main/v2/Main.go:102.3,102.42 1 0
GithubApiCodeTest/Main/v2/Main.go:42.32,46.18 2 0
GithubApiCodeTest/Main/v2/Main.go:52.4,53.47 2 0
GithubApiCodeTest/Main/v2/Main.go:68.4,68.25 1 0
GithubApiCodeTest/Main/v2/Main.go:73.4,83.36 5 0
GithubApiCodeTest/Main/v2/Main.go:89.4,99.9 7 0
GithubApiCodeTest/Main/v2/Main.go:46.18,49.10 3 0
GithubApiCodeTest/Main/v2/Main.go:53.47,63.41 5 0
GithubApiCodeTest/Main/v2/Main.go:63.41,64.11 1 0
GithubApiCodeTest/Main/v2/Main.go:68.25,70.10 2 0
GithubApiCodeTest/Main/v2/Main.go:83.36,88.5 2 0
